{
  "uid" : "fb1a67e0600671a9",
  "name" : "登录127.0.0.1:62001",
  "fullName" : "367_testcase.test_login.TestLogin#test_login",
  "historyId" : "9510a624e94ff77cec877669354d05ca",
  "time" : {
    "start" : 1697643191220,
    "stop" : 1697643222755,
    "duration" : 31535
  },
  "description" : "用户正常登录",
  "descriptionHtml" : "<p>用户正常登录</p>\n",
  "status" : "broken",
  "statusMessage" : "FileNotFoundError: [Errno 2] No such file or directory: 'C:\\\\study\\\\pythonT\\\\pyAppium-master\\\\outputs\\\\picture\\\\我的_用户名20231018233341.png'",
  "statusTrace" : "self = <pageViwe.loginPage.LoginPage object at 0x000002101DECAFA0>\ndoc = '我的_用户名', loc = ('id', 'com.xkw.client:id/mine_username')\n\n    def find_element(self, *loc, doc=\"\") -> WebElement:\n        \"\"\"\n        查找单个元素方法\n        :type doc: 定位元素界面位置：例如 首页\n        :type loc: 元素定位\n        \"\"\"\n        try:\n            logging.info(\"{} 页面开始查找元素{}\".format(doc, loc))\n>           WebDriverWait(self.driver, 20, 0.5).until(EC.visibility_of_element_located(loc))\n\npageViwe\\basePage.py:34: \n_ _ _ _ _ _ _ _ _ _ _ _ _ _ _ _ _ _ _ _ _ _ _ _ _ _ _ _ _ _ _ _ _ _ _ _ _ _ _ _\n\nself = <selenium.webdriver.support.wait.WebDriverWait (session=\"ca206ed9-84ed-47ae-a4b3-d04c114cf29c\")>\nmethod = <function visibility_of_element_located.<locals>._predicate at 0x000002101DBECE50>\nmessage = ''\n\n    def until(self, method, message: str = \"\"):\n        \"\"\"Calls the method provided with the driver as an argument until the \\\n        return value does not evaluate to ``False``.\n    \n        :param method: callable(WebDriver)\n        :param message: optional message for :exc:`TimeoutException`\n        :returns: the result of the last call to `method`\n        :raises: :exc:`selenium.common.exceptions.TimeoutException` if timeout occurs\n        \"\"\"\n        screen = None\n        stacktrace = None\n    \n        end_time = time.monotonic() + self._timeout\n        while True:\n            try:\n                value = method(self._driver)\n                if value:\n                    return value\n            except self._ignored_exceptions as exc:\n                screen = getattr(exc, \"screen\", None)\n                stacktrace = getattr(exc, \"stacktrace\", None)\n            time.sleep(self._poll)\n            if time.monotonic() > end_time:\n                break\n>       raise TimeoutException(message, screen, stacktrace)\nE       selenium.common.exceptions.TimeoutException: Message: \nE       Stacktrace:\nE       NoSuchElementError: An element could not be located on the page using the given search parameters.\nE           at AndroidUiautomator2Driver.findElOrEls (C:\\Users\\YM520\\AppData\\Roaming\\npm\\node_modules\\appium\\node_modules\\appium-android-driver\\lib\\commands\\find.js:75:11)\nE           at processTicksAndRejections (node:internal/process/task_queues:95:5)\nE           at AndroidUiautomator2Driver.findElOrElsWithProcessing (C:\\Users\\YM520\\AppData\\Roaming\\npm\\node_modules\\appium\\node_modules\\appium-base-driver\\lib\\basedriver\\commands\\find.js:33:12)\nE           at AndroidUiautomator2Driver.findElement (C:\\Users\\YM520\\AppData\\Roaming\\npm\\node_modules\\appium\\node_modules\\appium-base-driver\\lib\\basedriver\\commands\\find.js:53:10)\n\nC:\\python3.8\\lib\\site-packages\\selenium\\webdriver\\support\\wait.py:95: TimeoutException\n\nDuring handling of the above exception, another exception occurred:\n\nself = <testcase.test_login.TestLogin object at 0x000002101DECA700>\ncommon_driver = <pageViwe.loginPage.LoginPage object at 0x000002101DECAFA0>\ndevice = {'device': '127.0.0.1:62001', 'platform_version': '7.1.2', 'server_port': 4723, 'system_port': 8200}\n\n    @allure.story(\"正常登录\")\n    @allure.description(\"用户正常登录\")  # 用例的描述\n    @allure.severity(allure.severity_level.BLOCKER)\n    def test_login(self, common_driver, device):\n        allure.dynamic.title(\"登录\" + device[\"device\"])\n        common_driver.login('XXX', 'XXX')\n>       common_driver.result_assert(common_driver.get_username(), \"xkw_03314932\", '用户正常登录')\n\ntestcase\\test_login.py:27: \n_ _ _ _ _ _ _ _ _ _ _ _ _ _ _ _ _ _ _ _ _ _ _ _ _ _ _ _ _ _ _ _ _ _ _ _ _ _ _ _\npageViwe\\loginPage.py:59: in get_username\n    return self.get_text(*self.login_btn, doc=\"我的_用户名\")\npageViwe\\basePage.py:116: in get_text\n    ele = self.find_element(*loc, doc=doc)\npageViwe\\basePage.py:40: in find_element\n    screen_name = self.get_screenshot(doc)\n_ _ _ _ _ _ _ _ _ _ _ _ _ _ _ _ _ _ _ _ _ _ _ _ _ _ _ _ _ _ _ _ _ _ _ _ _ _ _ _\n\nself = <pageViwe.loginPage.LoginPage object at 0x000002101DECAFA0>\ndoc = '我的_用户名'\n\n    def get_screenshot(self, doc):\n        \"\"\"\n        截图\n        \"\"\"\n        logging.info(\"开始进行截图..\")\n        now = datetime.datetime.now().strftime('%Y%m%d%H%M%S')\n        pic_name = picturePath + r\"\\{}\".format(doc) + now + '.png'\n        self.driver.get_screenshot_as_file(pic_name)\n        logging.info(\"截图成功！图片名称为:{}\".format(pic_name))\n>       with open(pic_name, mode='rb') as f:\nE       FileNotFoundError: [Errno 2] No such file or directory: 'C:\\\\study\\\\pythonT\\\\pyAppium-master\\\\outputs\\\\picture\\\\我的_用户名20231018233341.png'\n\npageViwe\\basePage.py:212: FileNotFoundError",
  "flaky" : false,
  "newFailed" : false,
  "newBroken" : false,
  "newPassed" : false,
  "retriesCount" : 0,
  "retriesStatusChange" : false,
  "beforeStages" : [ {
    "name" : "pytestconfig",
    "time" : {
      "start" : 1697643147893,
      "stop" : 1697643147893,
      "duration" : 0
    },
    "status" : "passed",
    "steps" : [ ],
    "attachments" : [ ],
    "parameters" : [ ],
    "stepsCount" : 0,
    "hasContent" : false,
    "attachmentsCount" : 0,
    "shouldDisplayMessage" : false
  } ],
  "testStage" : {
    "description" : "用户正常登录",
    "status" : "broken",
    "statusMessage" : "FileNotFoundError: [Errno 2] No such file or directory: 'C:\\\\study\\\\pythonT\\\\pyAppium-master\\\\outputs\\\\picture\\\\我的_用户名20231018233341.png'",
    "statusTrace" : "self = <pageViwe.loginPage.LoginPage object at 0x000002101DECAFA0>\ndoc = '我的_用户名', loc = ('id', 'com.xkw.client:id/mine_username')\n\n    def find_element(self, *loc, doc=\"\") -> WebElement:\n        \"\"\"\n        查找单个元素方法\n        :type doc: 定位元素界面位置：例如 首页\n        :type loc: 元素定位\n        \"\"\"\n        try:\n            logging.info(\"{} 页面开始查找元素{}\".format(doc, loc))\n>           WebDriverWait(self.driver, 20, 0.5).until(EC.visibility_of_element_located(loc))\n\npageViwe\\basePage.py:34: \n_ _ _ _ _ _ _ _ _ _ _ _ _ _ _ _ _ _ _ _ _ _ _ _ _ _ _ _ _ _ _ _ _ _ _ _ _ _ _ _\n\nself = <selenium.webdriver.support.wait.WebDriverWait (session=\"ca206ed9-84ed-47ae-a4b3-d04c114cf29c\")>\nmethod = <function visibility_of_element_located.<locals>._predicate at 0x000002101DBECE50>\nmessage = ''\n\n    def until(self, method, message: str = \"\"):\n        \"\"\"Calls the method provided with the driver as an argument until the \\\n        return value does not evaluate to ``False``.\n    \n        :param method: callable(WebDriver)\n        :param message: optional message for :exc:`TimeoutException`\n        :returns: the result of the last call to `method`\n        :raises: :exc:`selenium.common.exceptions.TimeoutException` if timeout occurs\n        \"\"\"\n        screen = None\n        stacktrace = None\n    \n        end_time = time.monotonic() + self._timeout\n        while True:\n            try:\n                value = method(self._driver)\n                if value:\n                    return value\n            except self._ignored_exceptions as exc:\n                screen = getattr(exc, \"screen\", None)\n                stacktrace = getattr(exc, \"stacktrace\", None)\n            time.sleep(self._poll)\n            if time.monotonic() > end_time:\n                break\n>       raise TimeoutException(message, screen, stacktrace)\nE       selenium.common.exceptions.TimeoutException: Message: \nE       Stacktrace:\nE       NoSuchElementError: An element could not be located on the page using the given search parameters.\nE           at AndroidUiautomator2Driver.findElOrEls (C:\\Users\\YM520\\AppData\\Roaming\\npm\\node_modules\\appium\\node_modules\\appium-android-driver\\lib\\commands\\find.js:75:11)\nE           at processTicksAndRejections (node:internal/process/task_queues:95:5)\nE           at AndroidUiautomator2Driver.findElOrElsWithProcessing (C:\\Users\\YM520\\AppData\\Roaming\\npm\\node_modules\\appium\\node_modules\\appium-base-driver\\lib\\basedriver\\commands\\find.js:33:12)\nE           at AndroidUiautomator2Driver.findElement (C:\\Users\\YM520\\AppData\\Roaming\\npm\\node_modules\\appium\\node_modules\\appium-base-driver\\lib\\basedriver\\commands\\find.js:53:10)\n\nC:\\python3.8\\lib\\site-packages\\selenium\\webdriver\\support\\wait.py:95: TimeoutException\n\nDuring handling of the above exception, another exception occurred:\n\nself = <testcase.test_login.TestLogin object at 0x000002101DECA700>\ncommon_driver = <pageViwe.loginPage.LoginPage object at 0x000002101DECAFA0>\ndevice = {'device': '127.0.0.1:62001', 'platform_version': '7.1.2', 'server_port': 4723, 'system_port': 8200}\n\n    @allure.story(\"正常登录\")\n    @allure.description(\"用户正常登录\")  # 用例的描述\n    @allure.severity(allure.severity_level.BLOCKER)\n    def test_login(self, common_driver, device):\n        allure.dynamic.title(\"登录\" + device[\"device\"])\n        common_driver.login('XXX', 'XXX')\n>       common_driver.result_assert(common_driver.get_username(), \"xkw_03314932\", '用户正常登录')\n\ntestcase\\test_login.py:27: \n_ _ _ _ _ _ _ _ _ _ _ _ _ _ _ _ _ _ _ _ _ _ _ _ _ _ _ _ _ _ _ _ _ _ _ _ _ _ _ _\npageViwe\\loginPage.py:59: in get_username\n    return self.get_text(*self.login_btn, doc=\"我的_用户名\")\npageViwe\\basePage.py:116: in get_text\n    ele = self.find_element(*loc, doc=doc)\npageViwe\\basePage.py:40: in find_element\n    screen_name = self.get_screenshot(doc)\n_ _ _ _ _ _ _ _ _ _ _ _ _ _ _ _ _ _ _ _ _ _ _ _ _ _ _ _ _ _ _ _ _ _ _ _ _ _ _ _\n\nself = <pageViwe.loginPage.LoginPage object at 0x000002101DECAFA0>\ndoc = '我的_用户名'\n\n    def get_screenshot(self, doc):\n        \"\"\"\n        截图\n        \"\"\"\n        logging.info(\"开始进行截图..\")\n        now = datetime.datetime.now().strftime('%Y%m%d%H%M%S')\n        pic_name = picturePath + r\"\\{}\".format(doc) + now + '.png'\n        self.driver.get_screenshot_as_file(pic_name)\n        logging.info(\"截图成功！图片名称为:{}\".format(pic_name))\n>       with open(pic_name, mode='rb') as f:\nE       FileNotFoundError: [Errno 2] No such file or directory: 'C:\\\\study\\\\pythonT\\\\pyAppium-master\\\\outputs\\\\picture\\\\我的_用户名20231018233341.png'\n\npageViwe\\basePage.py:212: FileNotFoundError",
    "steps" : [ {
      "name" : "我的页面，点击切换到我的页面",
      "time" : {
        "start" : 1697643191220,
        "stop" : 1697643193367,
        "duration" : 2147
      },
      "status" : "passed",
      "steps" : [ ],
      "attachments" : [ ],
      "parameters" : [ ],
      "stepsCount" : 0,
      "hasContent" : false,
      "attachmentsCount" : 0,
      "shouldDisplayMessage" : false
    }, {
      "name" : "我的页面，点击登录",
      "time" : {
        "start" : 1697643193367,
        "stop" : 1697643194835,
        "duration" : 1468
      },
      "status" : "passed",
      "steps" : [ ],
      "attachments" : [ ],
      "parameters" : [ ],
      "stepsCount" : 0,
      "hasContent" : false,
      "attachmentsCount" : 0,
      "shouldDisplayMessage" : false
    }, {
      "name" : "我的_登录页面_切换到用户密码登录",
      "time" : {
        "start" : 1697643194835,
        "stop" : 1697643196538,
        "duration" : 1703
      },
      "status" : "passed",
      "steps" : [ ],
      "attachments" : [ ],
      "parameters" : [ ],
      "stepsCount" : 0,
      "hasContent" : false,
      "attachmentsCount" : 0,
      "shouldDisplayMessage" : false
    }, {
      "name" : "我的_账号密码登录页面，输入账号:XXX",
      "time" : {
        "start" : 1697643196539,
        "stop" : 1697643199365,
        "duration" : 2826
      },
      "status" : "passed",
      "steps" : [ ],
      "attachments" : [ ],
      "parameters" : [ ],
      "stepsCount" : 0,
      "hasContent" : false,
      "attachmentsCount" : 0,
      "shouldDisplayMessage" : false
    }, {
      "name" : "我的_账号密码登录页面，输入密码:XXX",
      "time" : {
        "start" : 1697643199365,
        "stop" : 1697643201054,
        "duration" : 1689
      },
      "status" : "passed",
      "steps" : [ ],
      "attachments" : [ ],
      "parameters" : [ ],
      "stepsCount" : 0,
      "hasContent" : false,
      "attachmentsCount" : 0,
      "shouldDisplayMessage" : false
    }, {
      "name" : "我的_账号密码登录页面_点击提交登录",
      "time" : {
        "start" : 1697643201054,
        "stop" : 1697643201703,
        "duration" : 649
      },
      "status" : "passed",
      "steps" : [ ],
      "attachments" : [ ],
      "parameters" : [ ],
      "stepsCount" : 0,
      "hasContent" : false,
      "attachmentsCount" : 0,
      "shouldDisplayMessage" : false
    }, {
      "name" : "获取用户名",
      "time" : {
        "start" : 1697643201703,
        "stop" : 1697643222748,
        "duration" : 21045
      },
      "status" : "broken",
      "statusMessage" : "FileNotFoundError: [Errno 2] No such file or directory: 'C:\\\\study\\\\pythonT\\\\pyAppium-master\\\\outputs\\\\picture\\\\我的_用户名20231018233341.png'\n",
      "statusTrace" : "  File \"C:\\study\\pythonT\\pyAppium-master\\pageViwe\\loginPage.py\", line 59, in get_username\n    return self.get_text(*self.login_btn, doc=\"我的_用户名\")\n  File \"C:\\study\\pythonT\\pyAppium-master\\pageViwe\\basePage.py\", line 116, in get_text\n    ele = self.find_element(*loc, doc=doc)\n  File \"C:\\study\\pythonT\\pyAppium-master\\pageViwe\\basePage.py\", line 40, in find_element\n    screen_name = self.get_screenshot(doc)\n  File \"C:\\study\\pythonT\\pyAppium-master\\pageViwe\\basePage.py\", line 212, in get_screenshot\n    with open(pic_name, mode='rb') as f:\n",
      "steps" : [ ],
      "attachments" : [ ],
      "parameters" : [ ],
      "stepsCount" : 0,
      "hasContent" : true,
      "attachmentsCount" : 0,
      "shouldDisplayMessage" : true
    } ],
    "attachments" : [ {
      "uid" : "540f2a1d2013accd",
      "name" : "log",
      "source" : "540f2a1d2013accd.txt",
      "type" : "text/plain",
      "size" : 3918
    } ],
    "parameters" : [ ],
    "stepsCount" : 7,
    "hasContent" : true,
    "attachmentsCount" : 1,
    "shouldDisplayMessage" : true
  },
  "afterStages" : [ ],
  "labels" : [ {
    "name" : "story",
    "value" : "正常登录"
  }, {
    "name" : "feature",
    "value" : "登录"
  }, {
    "name" : "severity",
    "value" : "blocker"
  }, {
    "name" : "parentSuite",
    "value" : "367_testcase"
  }, {
    "name" : "suite",
    "value" : "test_login"
  }, {
    "name" : "subSuite",
    "value" : "TestLogin"
  }, {
    "name" : "host",
    "value" : "DESKTOP-CHVCFJK"
  }, {
    "name" : "thread",
    "value" : "27528-MainThread"
  }, {
    "name" : "framework",
    "value" : "pytest"
  }, {
    "name" : "language",
    "value" : "cpython3"
  }, {
    "name" : "package",
    "value" : "367_testcase.test_login"
  }, {
    "name" : "resultFormat",
    "value" : "allure2"
  } ],
  "parameters" : [ ],
  "links" : [ ],
  "hidden" : false,
  "retry" : false,
  "extra" : {
    "severity" : "blocker",
    "retries" : [ ],
    "categories" : [ {
      "name" : "Test defects",
      "matchedStatuses" : [ ],
      "flaky" : false
    } ],
    "tags" : [ ]
  },
  "source" : "fb1a67e0600671a9.json",
  "parameterValues" : [ ]
}